<?xml version="1.0" encoding="UTF-8"?>
<testsuite xmlns:xsi="http://www.w3.org/2001/XMLSchema-instance" xsi:noNamespaceSchemaLocation="https://maven.apache.org/surefire/maven-surefire-plugin/xsd/surefire-test-report-3.0.xsd" version="3.0" name="com.multitone.service.WordProcessorTest" time="1.734" tests="6" errors="0" skipped="0" failures="0">
  <properties>
    <property name="java.specification.version" value="17"/>
    <property name="sun.cpu.isalist" value="amd64"/>
    <property name="sun.jnu.encoding" value="Cp1252"/>
    <property name="java.class.path" value="C:\Users\siris\Praveen\JavaProjects\Git\wordprocessor\target\test-classes;C:\Users\siris\Praveen\JavaProjects\Git\wordprocessor\target\classes;C:\Users\siris\.m2\repository\org\apache\commons\commons-lang3\3.0\commons-lang3-3.0.jar;C:\Users\siris\.m2\repository\org\junit\jupiter\junit-jupiter-engine\5.9.2\junit-jupiter-engine-5.9.2.jar;C:\Users\siris\.m2\repository\org\junit\platform\junit-platform-engine\1.9.2\junit-platform-engine-1.9.2.jar;C:\Users\siris\.m2\repository\org\opentest4j\opentest4j\1.2.0\opentest4j-1.2.0.jar;C:\Users\siris\.m2\repository\org\junit\platform\junit-platform-commons\1.9.2\junit-platform-commons-1.9.2.jar;C:\Users\siris\.m2\repository\org\junit\jupiter\junit-jupiter-api\5.9.2\junit-jupiter-api-5.9.2.jar;C:\Users\siris\.m2\repository\org\apiguardian\apiguardian-api\1.1.2\apiguardian-api-1.1.2.jar;C:\Users\siris\.m2\repository\org\mockito\mockito-core\5.3.1\mockito-core-5.3.1.jar;C:\Users\siris\.m2\repository\net\bytebuddy\byte-buddy\1.14.4\byte-buddy-1.14.4.jar;C:\Users\siris\.m2\repository\net\bytebuddy\byte-buddy-agent\1.14.4\byte-buddy-agent-1.14.4.jar;C:\Users\siris\.m2\repository\org\objenesis\objenesis\3.3\objenesis-3.3.jar;C:\Users\siris\.m2\repository\org\mockito\mockito-junit-jupiter\5.3.1\mockito-junit-jupiter-5.3.1.jar;"/>
    <property name="java.vm.vendor" value="Oracle Corporation"/>
    <property name="sun.arch.data.model" value="64"/>
    <property name="user.variant" value=""/>
    <property name="java.vendor.url" value="https://java.oracle.com/"/>
    <property name="user.timezone" value="Europe/London"/>
    <property name="os.name" value="Windows 11"/>
    <property name="java.vm.specification.version" value="17"/>
    <property name="sun.java.launcher" value="SUN_STANDARD"/>
    <property name="user.country" value="GB"/>
    <property name="sun.boot.library.path" value="C:\Program Files\Java\jdk-17\bin"/>
    <property name="sun.java.command" value="C:\Users\siris\AppData\Local\Temp\surefire808963129815246364\surefirebooter-20240213155204431_3.jar C:\Users\siris\AppData\Local\Temp\surefire808963129815246364 2024-02-13T15-52-04_110-jvmRun1 surefire-20240213155204431_1tmp surefire_0-20240213155204431_2tmp"/>
    <property name="jdk.debug" value="release"/>
    <property name="surefire.test.class.path" value="C:\Users\siris\Praveen\JavaProjects\Git\wordprocessor\target\test-classes;C:\Users\siris\Praveen\JavaProjects\Git\wordprocessor\target\classes;C:\Users\siris\.m2\repository\org\apache\commons\commons-lang3\3.0\commons-lang3-3.0.jar;C:\Users\siris\.m2\repository\org\junit\jupiter\junit-jupiter-engine\5.9.2\junit-jupiter-engine-5.9.2.jar;C:\Users\siris\.m2\repository\org\junit\platform\junit-platform-engine\1.9.2\junit-platform-engine-1.9.2.jar;C:\Users\siris\.m2\repository\org\opentest4j\opentest4j\1.2.0\opentest4j-1.2.0.jar;C:\Users\siris\.m2\repository\org\junit\platform\junit-platform-commons\1.9.2\junit-platform-commons-1.9.2.jar;C:\Users\siris\.m2\repository\org\junit\jupiter\junit-jupiter-api\5.9.2\junit-jupiter-api-5.9.2.jar;C:\Users\siris\.m2\repository\org\apiguardian\apiguardian-api\1.1.2\apiguardian-api-1.1.2.jar;C:\Users\siris\.m2\repository\org\mockito\mockito-core\5.3.1\mockito-core-5.3.1.jar;C:\Users\siris\.m2\repository\net\bytebuddy\byte-buddy\1.14.4\byte-buddy-1.14.4.jar;C:\Users\siris\.m2\repository\net\bytebuddy\byte-buddy-agent\1.14.4\byte-buddy-agent-1.14.4.jar;C:\Users\siris\.m2\repository\org\objenesis\objenesis\3.3\objenesis-3.3.jar;C:\Users\siris\.m2\repository\org\mockito\mockito-junit-jupiter\5.3.1\mockito-junit-jupiter-5.3.1.jar;"/>
    <property name="sun.cpu.endian" value="little"/>
    <property name="user.home" value="C:\Users\siris"/>
    <property name="user.language" value="en"/>
    <property name="java.specification.vendor" value="Oracle Corporation"/>
    <property name="java.version.date" value="2023-04-18"/>
    <property name="java.home" value="C:\Program Files\Java\jdk-17"/>
    <property name="file.separator" value="\"/>
    <property name="basedir" value="C:\Users\siris\Praveen\JavaProjects\Git\wordprocessor"/>
    <property name="java.vm.compressedOopsMode" value="Zero based"/>
    <property name="line.separator" value="&#10;"/>
    <property name="java.vm.specification.vendor" value="Oracle Corporation"/>
    <property name="java.specification.name" value="Java Platform API Specification"/>
    <property name="surefire.real.class.path" value="C:\Users\siris\AppData\Local\Temp\surefire808963129815246364\surefirebooter-20240213155204431_3.jar"/>
    <property name="user.script" value=""/>
    <property name="sun.management.compiler" value="HotSpot 64-Bit Tiered Compilers"/>
    <property name="java.runtime.version" value="17.0.7+8-LTS-224"/>
    <property name="user.name" value="siris"/>
    <property name="path.separator" value=";"/>
    <property name="os.version" value="10.0"/>
    <property name="java.runtime.name" value="Java(TM) SE Runtime Environment"/>
    <property name="file.encoding" value="Cp1252"/>
    <property name="java.vm.name" value="Java HotSpot(TM) 64-Bit Server VM"/>
    <property name="localRepository" value="C:\Users\siris\.m2\repository"/>
    <property name="java.vendor.url.bug" value="https://bugreport.java.com/bugreport/"/>
    <property name="java.io.tmpdir" value="C:\Users\siris\AppData\Local\Temp\"/>
    <property name="java.version" value="17.0.7"/>
    <property name="user.dir" value="C:\Users\siris\Praveen\JavaProjects\Git\wordprocessor"/>
    <property name="os.arch" value="amd64"/>
    <property name="java.vm.specification.name" value="Java Virtual Machine Specification"/>
    <property name="sun.os.patch.level" value=""/>
    <property name="native.encoding" value="Cp1252"/>
    <property name="java.library.path" value="C:\Program Files\Java\jdk-17\bin;C:\WINDOWS\Sun\Java\bin;C:\WINDOWS\system32;C:\WINDOWS;C:\Python312\Scripts\;C:\Python312\;C:\Program Files\Common Files\Oracle\Java\javapath;C:\Windows\system32;C:\Windows;C:\Windows\System32\Wbem;C:\Windows\System32\WindowsPowerShell\v1.0\;C:\Windows\System32\OpenSSH\;C:\Program Files (x86)\NVIDIA Corporation\PhysX\Common;C:\Program Files\NVIDIA Corporation\NVIDIA NvDLISR;C:\Android;C:\Program Files\Docker\Docker\resources\bin;C:\Program Files\Git\cmd;C:\Program Files\apache-maven-3.9.3\bin;;C:\WINDOWS\system32;C:\WINDOWS;C:\WINDOWS\System32\Wbem;C:\WINDOWS\System32\WindowsPowerShell\v1.0\;C:\WINDOWS\System32\OpenSSH\;C:\Program Files\dotnet\;C:\Program Files\Go\bin;C:\Program Files\Amazon\AWSCLIV2\;C:\Program Files\nodejs\;C:\ProgramData\chocolatey\bin;C:\Users\siris\AppData\Local\Microsoft\WindowsApps;C:\Users\siris\go\bin;C:\Users\siris\AppData\Local\Programs\Microsoft VS Code\bin;C:\Users\siris\AppData\Local\GitHubDesktop\bin;C:\Gradle\gradle-8.4\bin;C:\Users\siris\AppData\Roaming\npm;."/>
    <property name="java.vm.info" value="mixed mode, sharing"/>
    <property name="java.vendor" value="Oracle Corporation"/>
    <property name="java.vm.version" value="17.0.7+8-LTS-224"/>
    <property name="sun.io.unicode.encoding" value="UnicodeLittle"/>
    <property name="java.class.version" value="61.0"/>
  </properties>
  <testcase name="processFile_multipleValidFile_printsResponseToConsole" classname="com.multitone.service.WordProcessorTest" time="1.635">
    <system-out><![CDATA[of: 6
the: 6
my: 4
an: 4
and: 4
through: 2
swivel: 2
section: 2
executive: 2
airliner: 2
me: 2
options: 2
from: 2
brand: 2
if: 2
Embraer: 2
Business: 2
in: 2
disputes: 2
leather: 2
cocoa-cream: 2
at: 2
sofas: 2
armchairs: 2
Gulfstream: 2
for: 2
least: 2
cabin: 2
I: 2
description: 2
Varsano: 2
The: 2
can: 2
spare:: 2
taken: 2
have: 2
Citation: 2
But: 2
a: 2
Â£10m: 2
or: 2
relax: 2
founder: 2
plushest: 2
with: 2
Steve: 2
Jet: 2
luxury: 2
appetite: 2
to: 2
complete: 2
runs: 2
he: 2
You: 2
]]></system-out>
    <system-err><![CDATA[Feb 13, 2024 3:52:07 PM com.multitone.service.WordProcessor processFiles
INFO: Input fliepaths:C:\Users\siris\Praveen\JavaProjects\Git\wordprocessor\src\test\resources\Input.txt,C:\Users\siris\Praveen\JavaProjects\Git\wordprocessor\src\test\resources\Input2.txt
Feb 13, 2024 3:52:07 PM com.multitone.service.WordProcessor countWords
INFO: File paths after split:[C:\Users\siris\Praveen\JavaProjects\Git\wordprocessor\src\test\resources\Input.txt, C:\Users\siris\Praveen\JavaProjects\Git\wordprocessor\src\test\resources\Input2.txt]
]]></system-err>
  </testcase>
  <testcase name="processFile_inputFliePathNull_throwsWordProcessorException" classname="com.multitone.service.WordProcessorTest" time="0.016">
    <system-err><![CDATA[Feb 13, 2024 3:52:07 PM com.multitone.service.WordProcessor processFiles
INFO: Input fliepaths:null
Feb 13, 2024 3:52:07 PM com.multitone.service.WordProcessor processFiles
WARNING: Validation error. Input file paths:null is not valid.
]]></system-err>
  </testcase>
  <testcase name="processFile_inputFliePathEmpty_throwsWordProcessorException" classname="com.multitone.service.WordProcessorTest" time="0.0">
    <system-err><![CDATA[Feb 13, 2024 3:52:07 PM com.multitone.service.WordProcessor processFiles
INFO: Input fliepaths:
Feb 13, 2024 3:52:07 PM com.multitone.service.WordProcessor processFiles
WARNING: Validation error. Input file paths: is not valid.
]]></system-err>
  </testcase>
  <testcase name="processFile_invalidFileName_throwsWordProcessorException" classname="com.multitone.service.WordProcessorTest" time="0.0">
    <system-err><![CDATA[Feb 13, 2024 3:52:07 PM com.multitone.service.WordProcessor processFiles
INFO: Input fliepaths:C:\Users\siris\Praveen\JavaProjects\Git\wordprocessor\src\test\resources\Inputx.txt
Feb 13, 2024 3:52:07 PM com.multitone.service.WordProcessor countWords
INFO: File paths after split:[C:\Users\siris\Praveen\JavaProjects\Git\wordprocessor\src\test\resources\Inputx.txt]
Feb 13, 2024 3:52:07 PM com.multitone.service.WordProcessor lambda$countWords$3
WARNING: IOException occured while processing words from the file. Exception message: java.nio.file.NoSuchFileException: C:\Users\siris\Praveen\JavaProjects\Git\wordprocessor\src\test\resources\Inputx.txt
]]></system-err>
  </testcase>
  <testcase name="processFile_singleValidFile_printsResponseToConsole" classname="com.multitone.service.WordProcessorTest" time="0.015">
    <system-out><![CDATA[of: 3
the: 3
my: 2
an: 2
and: 2
through: 1
swivel: 1
section: 1
executive: 1
airliner: 1
me: 1
options: 1
from: 1
brand: 1
if: 1
Embraer: 1
Business: 1
in: 1
disputes: 1
leather: 1
cocoa-cream: 1
at: 1
sofas: 1
armchairs: 1
Gulfstream: 1
for: 1
least: 1
cabin: 1
I: 1
description: 1
Varsano: 1
The: 1
can: 1
spare:: 1
taken: 1
have: 1
Citation: 1
But: 1
a: 1
Â£10m: 1
or: 1
relax: 1
founder: 1
plushest: 1
with: 1
Steve: 1
Jet: 1
luxury: 1
appetite: 1
to: 1
complete: 1
runs: 1
he: 1
You: 1
]]></system-out>
    <system-err><![CDATA[Feb 13, 2024 3:52:07 PM com.multitone.service.WordProcessor processFiles
INFO: Input fliepaths:C:\Users\siris\Praveen\JavaProjects\Git\wordprocessor\src\test\resources\Input.txt
Feb 13, 2024 3:52:07 PM com.multitone.service.WordProcessor countWords
INFO: File paths after split:[C:\Users\siris\Praveen\JavaProjects\Git\wordprocessor\src\test\resources\Input.txt]
]]></system-err>
  </testcase>
  <testcase name="processFile_inputFliePathBlank_throwsWordProcessorException" classname="com.multitone.service.WordProcessorTest" time="0.016">
    <system-err><![CDATA[Feb 13, 2024 3:52:07 PM com.multitone.service.WordProcessor processFiles
INFO: Input fliepaths: 
Feb 13, 2024 3:52:07 PM com.multitone.service.WordProcessor processFiles
WARNING: Validation error. Input file paths:  is not valid.
]]></system-err>
  </testcase>
</testsuite>